<?xml version="1.0" encoding="UTF-8"?>
<coverage generated="1747518427220" clover="3.2.0">
  <project timestamp="1747518427221" name="All files">
    <metrics statements="230" coveredstatements="212" conditionals="36" coveredconditionals="26" methods="59" coveredmethods="50" elements="325" coveredelements="288" complexity="0" loc="230" ncloc="230" packages="8" files="18" classes="18"/>
    <package name="src">
      <metrics statements="55" coveredstatements="55" conditionals="0" coveredconditionals="0" methods="8" coveredmethods="8"/>
      <file name="app.ts" path="D:\Projects\node_abc\bin-api\src\app.ts">
        <metrics statements="28" coveredstatements="28" conditionals="0" coveredconditionals="0" methods="6" coveredmethods="6"/>
        <line num="1" count="1" type="stmt"/>
        <line num="2" count="1" type="stmt"/>
        <line num="7" count="1" type="stmt"/>
        <line num="10" count="1" type="stmt"/>
        <line num="11" count="1" type="stmt"/>
        <line num="12" count="1" type="stmt"/>
        <line num="14" count="1" type="stmt"/>
        <line num="15" count="1" type="stmt"/>
        <line num="18" count="1" type="stmt"/>
        <line num="31" count="1" type="stmt"/>
        <line num="32" count="1" type="stmt"/>
        <line num="33" count="1" type="stmt"/>
        <line num="34" count="1" type="stmt"/>
        <line num="35" count="1" type="stmt"/>
        <line num="37" count="1" type="stmt"/>
        <line num="38" count="1" type="stmt"/>
        <line num="57" count="1" type="stmt"/>
        <line num="60" count="1" type="stmt"/>
        <line num="61" count="1" type="stmt"/>
        <line num="68" count="1" type="stmt"/>
        <line num="74" count="1" type="stmt"/>
        <line num="89" count="1" type="stmt"/>
        <line num="90" count="1" type="stmt"/>
        <line num="91" count="1" type="stmt"/>
        <line num="93" count="1" type="stmt"/>
        <line num="95" count="1" type="stmt"/>
        <line num="97" count="1" type="stmt"/>
        <line num="102" count="1" type="stmt"/>
      </file>
      <file name="main.ts" path="D:\Projects\node_abc\bin-api\src\main.ts">
        <metrics statements="26" coveredstatements="26" conditionals="0" coveredconditionals="0" methods="2" coveredmethods="2"/>
        <line num="1" count="1" type="stmt"/>
        <line num="2" count="1" type="stmt"/>
        <line num="3" count="1" type="stmt"/>
        <line num="5" count="1" type="stmt"/>
        <line num="7" count="1" type="stmt"/>
        <line num="9" count="1" type="stmt"/>
        <line num="11" count="1" type="stmt"/>
        <line num="12" count="1" type="stmt"/>
        <line num="14" count="1" type="stmt"/>
        <line num="15" count="1" type="stmt"/>
        <line num="17" count="1" type="stmt"/>
        <line num="84" count="1" type="stmt"/>
        <line num="89" count="1" type="stmt"/>
        <line num="90" count="1" type="stmt"/>
        <line num="93" count="1" type="stmt"/>
        <line num="94" count="1" type="stmt"/>
        <line num="96" count="1" type="stmt"/>
        <line num="97" count="1" type="stmt"/>
        <line num="98" count="1" type="stmt"/>
        <line num="99" count="1" type="stmt"/>
        <line num="106" count="1" type="stmt"/>
        <line num="108" count="1" type="stmt"/>
        <line num="109" count="1" type="stmt"/>
        <line num="111" count="1" type="stmt"/>
        <line num="113" count="1" type="stmt"/>
        <line num="118" count="1" type="stmt"/>
      </file>
      <file name="types.ts" path="D:\Projects\node_abc\bin-api\src\types.ts">
        <metrics statements="1" coveredstatements="1" conditionals="0" coveredconditionals="0" methods="0" coveredmethods="0"/>
        <line num="1" count="1" type="stmt"/>
      </file>
    </package>
    <package name="src.common">
      <metrics statements="41" coveredstatements="39" conditionals="17" coveredconditionals="14" methods="15" coveredmethods="13"/>
      <file name="auth.guard.ts" path="D:\Projects\node_abc\bin-api\src\common\auth.guard.ts">
        <metrics statements="4" coveredstatements="4" conditionals="1" coveredconditionals="1" methods="1" coveredmethods="1"/>
        <line num="4" count="1" type="stmt"/>
        <line num="7" count="2" type="cond" truecount="1" falsecount="0"/>
        <line num="8" count="1" type="stmt"/>
        <line num="10" count="1" type="stmt"/>
      </file>
      <file name="auth.middleware.ts" path="D:\Projects\node_abc\bin-api\src\common\auth.middleware.ts">
        <metrics statements="11" coveredstatements="11" conditionals="8" coveredconditionals="8" methods="3" coveredmethods="3"/>
        <line num="3" count="1" type="stmt"/>
        <line num="5" count="1" type="stmt"/>
        <line num="7" count="1" type="stmt"/>
        <line num="15" count="6" type="cond" truecount="2" falsecount="0"/>
        <line num="21" count="2" type="stmt"/>
        <line num="22" count="2" type="cond" truecount="2" falsecount="0"/>
        <line num="23" count="1" type="stmt"/>
        <line num="24" count="1" type="cond" truecount="4" falsecount="0"/>
        <line num="30" count="1" type="stmt"/>
        <line num="31" count="1" type="stmt"/>
        <line num="35" count="4" type="stmt"/>
      </file>
      <file name="base.controller.ts" path="D:\Projects\node_abc\bin-api\src\common\base.controller.ts">
        <metrics statements="17" coveredstatements="16" conditionals="6" coveredconditionals="4" methods="8" coveredmethods="6"/>
        <line num="1" count="1" type="stmt"/>
        <line num="5" count="1" type="stmt"/>
        <line num="6" count="1" type="stmt"/>
        <line num="10" count="1" type="stmt"/>
        <line num="15" count="1" type="stmt"/>
        <line num="18" count="1" type="stmt"/>
        <line num="22" count="4" type="stmt"/>
        <line num="26" count="3" type="stmt"/>
        <line num="27" count="3" type="stmt"/>
        <line num="31" count="3" type="stmt"/>
        <line num="35" count="0" type="stmt"/>
        <line num="42" count="1" type="stmt"/>
        <line num="44" count="3" type="stmt"/>
        <line num="48" count="3" type="cond" truecount="3" falsecount="1"/>
        <line num="49" count="3" type="stmt"/>
        <line num="53" count="3" type="cond" truecount="1" falsecount="1"/>
        <line num="54" count="3" type="stmt"/>
      </file>
      <file name="validate.middleware.ts" path="D:\Projects\node_abc\bin-api\src\common\validate.middleware.ts">
        <metrics statements="9" coveredstatements="8" conditionals="2" coveredconditionals="1" methods="3" coveredmethods="3"/>
        <line num="3" count="1" type="stmt"/>
        <line num="4" count="1" type="stmt"/>
        <line num="6" count="1" type="stmt"/>
        <line num="9" count="2" type="stmt"/>
        <line num="14" count="4" type="stmt"/>
        <line num="16" count="4" type="stmt"/>
        <line num="17" count="4" type="cond" truecount="1" falsecount="1"/>
        <line num="20" count="0" type="stmt"/>
        <line num="23" count="4" type="stmt"/>
      </file>
    </package>
    <package name="src.config">
      <metrics statements="11" coveredstatements="10" conditionals="2" coveredconditionals="1" methods="2" coveredmethods="2"/>
      <file name="config.service.ts" path="D:\Projects\node_abc\bin-api\src\config\config.service.ts">
        <metrics statements="11" coveredstatements="10" conditionals="2" coveredconditionals="1" methods="2" coveredmethods="2"/>
        <line num="2" count="1" type="stmt"/>
        <line num="3" count="1" type="stmt"/>
        <line num="5" count="1" type="stmt"/>
        <line num="8" count="1" type="stmt"/>
        <line num="10" count="1" type="stmt"/>
        <line num="12" count="1" type="stmt"/>
        <line num="13" count="1" type="cond" truecount="1" falsecount="1"/>
        <line num="14" count="0" type="stmt"/>
        <line num="16" count="1" type="stmt"/>
        <line num="17" count="1" type="stmt"/>
        <line num="22" count="4" type="stmt"/>
      </file>
    </package>
    <package name="src.database">
      <metrics statements="12" coveredstatements="9" conditionals="1" coveredconditionals="0" methods="3" coveredmethods="2"/>
      <file name="prisma.service.ts" path="D:\Projects\node_abc\bin-api\src\database\prisma.service.ts">
        <metrics statements="12" coveredstatements="9" conditionals="1" coveredconditionals="0" methods="3" coveredmethods="2"/>
        <line num="1" count="1" type="stmt"/>
        <line num="2" count="1" type="stmt"/>
        <line num="4" count="1" type="stmt"/>
        <line num="10" count="1" type="stmt"/>
        <line num="13" count="1" type="stmt"/>
        <line num="14" count="1" type="stmt"/>
        <line num="19" count="1" type="stmt"/>
        <line num="20" count="1" type="stmt"/>
        <line num="21" count="1" type="stmt"/>
        <line num="23" count="0" type="cond" truecount="0" falsecount="1"/>
        <line num="24" count="0" type="stmt"/>
        <line num="31" count="0" type="stmt"/>
      </file>
    </package>
    <package name="src.errors">
      <metrics statements="16" coveredstatements="14" conditionals="2" coveredconditionals="1" methods="3" coveredmethods="3"/>
      <file name="exception.filter.ts" path="D:\Projects\node_abc\bin-api\src\errors\exception.filter.ts">
        <metrics statements="11" coveredstatements="9" conditionals="2" coveredconditionals="1" methods="2" coveredmethods="2"/>
        <line num="1" count="1" type="stmt"/>
        <line num="5" count="1" type="stmt"/>
        <line num="6" count="1" type="stmt"/>
        <line num="8" count="1" type="stmt"/>
        <line num="15" count="1" type="stmt"/>
        <line num="24" count="1" type="stmt"/>
        <line num="31" count="2" type="cond" truecount="1" falsecount="1"/>
        <line num="33" count="2" type="stmt"/>
        <line num="35" count="2" type="stmt"/>
        <line num="38" count="0" type="stmt"/>
        <line num="40" count="0" type="stmt"/>
      </file>
      <file name="http-error.class.ts" path="D:\Projects\node_abc\bin-api\src\errors\http-error.class.ts">
        <metrics statements="5" coveredstatements="5" conditionals="0" coveredconditionals="0" methods="1" coveredmethods="1"/>
        <line num="4" count="1" type="stmt"/>
        <line num="9" count="2" type="stmt"/>
        <line num="10" count="2" type="stmt"/>
        <line num="11" count="2" type="stmt"/>
        <line num="12" count="2" type="stmt"/>
      </file>
    </package>
    <package name="src.logger">
      <metrics statements="9" coveredstatements="8" conditionals="0" coveredconditionals="0" methods="4" coveredmethods="3"/>
      <file name="logger.service.ts" path="D:\Projects\node_abc\bin-api\src\logger\logger.service.ts">
        <metrics statements="9" coveredstatements="8" conditionals="0" coveredconditionals="0" methods="4" coveredmethods="3"/>
        <line num="1" count="1" type="stmt"/>
        <line num="2" count="1" type="stmt"/>
        <line num="4" count="1" type="stmt"/>
        <line num="14" count="1" type="stmt"/>
        <line num="19" count="1" type="stmt"/>
        <line num="22" count="1" type="stmt"/>
        <line num="29" count="6" type="stmt"/>
        <line num="35" count="2" type="stmt"/>
        <line num="39" count="0" type="stmt"/>
      </file>
    </package>
    <package name="src.users">
      <metrics statements="77" coveredstatements="68" conditionals="14" coveredconditionals="10" methods="24" coveredmethods="19"/>
      <file name="user.entity.ts" path="D:\Projects\node_abc\bin-api\src\users\user.entity.ts">
        <metrics statements="11" coveredstatements="8" conditionals="1" coveredconditionals="1" methods="5" coveredmethods="2"/>
        <line num="1" count="1" type="stmt"/>
        <line num="5" count="1" type="stmt"/>
        <line num="18" count="4" type="stmt"/>
        <line num="19" count="4" type="stmt"/>
        <line num="22" count="4" type="cond" truecount="1" falsecount="0"/>
        <line num="23" count="3" type="stmt"/>
        <line num="28" count="0" type="stmt"/>
        <line num="32" count="0" type="stmt"/>
        <line num="36" count="0" type="stmt"/>
        <line num="43" count="1" type="stmt"/>
        <line num="47" count="3" type="stmt"/>
      </file>
      <file name="users.controller.ts" path="D:\Projects\node_abc\bin-api\src\users\users.controller.ts">
        <metrics statements="36" coveredstatements="34" conditionals="11" coveredconditionals="8" methods="9" coveredmethods="9"/>
        <line num="1" count="1" type="stmt"/>
        <line num="3" count="1" type="stmt"/>
        <line num="5" count="1" type="stmt"/>
        <line num="6" count="1" type="stmt"/>
        <line num="7" count="1" type="stmt"/>
        <line num="10" count="1" type="stmt"/>
        <line num="11" count="1" type="stmt"/>
        <line num="14" count="1" type="stmt"/>
        <line num="15" count="1" type="stmt"/>
        <line num="18" count="1" type="stmt"/>
        <line num="33" count="1" type="stmt"/>
        <line num="37" count="1" type="stmt"/>
        <line num="38" count="1" type="stmt"/>
        <line num="39" count="1" type="stmt"/>
        <line num="41" count="1" type="stmt"/>
        <line num="44" count="1" type="stmt"/>
        <line num="75" count="3" type="stmt"/>
        <line num="82" count="3" type="stmt"/>
        <line num="93" count="3" type="stmt"/>
        <line num="95" count="3" type="cond" truecount="1" falsecount="0"/>
        <line num="96" count="1" type="stmt"/>
        <line num="102" count="2" type="stmt"/>
        <line num="103" count="2" type="stmt"/>
        <line num="133" count="1" type="stmt"/>
        <line num="148" count="1" type="stmt"/>
        <line num="149" count="1" type="cond" truecount="1" falsecount="0"/>
        <line num="150" count="1" type="stmt"/>
        <line num="155" count="0" type="stmt"/>
        <line num="158" count="1" type="stmt"/>
        <line num="163" count="1" type="stmt"/>
        <line num="164" count="1" type="cond" truecount="6" falsecount="2"/>
        <line num="170" count="2" type="stmt"/>
        <line num="186" count="2" type="stmt"/>
        <line num="196" count="2" type="cond" truecount="0" falsecount="1"/>
        <line num="197" count="0" type="stmt"/>
        <line num="203" count="2" type="stmt"/>
      </file>
      <file name="users.repository.ts" path="D:\Projects\node_abc\bin-api\src\users\users.repository.ts">
        <metrics statements="8" coveredstatements="6" conditionals="0" coveredconditionals="0" methods="4" coveredmethods="2"/>
        <line num="2" count="1" type="stmt"/>
        <line num="3" count="1" type="stmt"/>
        <line num="4" count="1" type="stmt"/>
        <line num="12" count="1" type="stmt"/>
        <line num="13" count="1" type="stmt"/>
        <line num="16" count="0" type="stmt"/>
        <line num="20" count="0" type="stmt"/>
        <line num="34" count="5" type="stmt"/>
      </file>
      <file name="users.service.ts" path="D:\Projects\node_abc\bin-api\src\users\users.service.ts">
        <metrics statements="22" coveredstatements="20" conditionals="2" coveredconditionals="1" methods="6" coveredmethods="6"/>
        <line num="1" count="1" type="stmt"/>
        <line num="2" count="1" type="stmt"/>
        <line num="5" count="1" type="stmt"/>
        <line num="7" count="1" type="stmt"/>
        <line num="14" count="1" type="stmt"/>
        <line num="18" count="1" type="stmt"/>
        <line num="19" count="1" type="stmt"/>
        <line num="22" count="1" type="stmt"/>
        <line num="33" count="1" type="stmt"/>
        <line num="35" count="1" type="stmt"/>
        <line num="36" count="1" type="stmt"/>
        <line num="41" count="1" type="stmt"/>
        <line num="42" count="1" type="cond" truecount="1" falsecount="0"/>
        <line num="43" count="1" type="stmt"/>
        <line num="46" count="0" type="stmt"/>
        <line num="49" count="3" type="stmt"/>
        <line num="51" count="3" type="stmt"/>
        <line num="52" count="3" type="cond" truecount="0" falsecount="1"/>
        <line num="53" count="0" type="stmt"/>
        <line num="59" count="3" type="stmt"/>
        <line num="61" count="3" type="stmt"/>
        <line num="68" count="1" type="stmt"/>
      </file>
    </package>
    <package name="src.users.dto">
      <metrics statements="9" coveredstatements="9" conditionals="0" coveredconditionals="0" methods="0" coveredmethods="0"/>
      <file name="user-login.dto.ts" path="D:\Projects\node_abc\bin-api\src\users\dto\user-login.dto.ts">
        <metrics statements="4" coveredstatements="4" conditionals="0" coveredconditionals="0" methods="0" coveredmethods="0"/>
        <line num="1" count="1" type="stmt"/>
        <line num="3" count="1" type="stmt"/>
        <line num="5" count="1" type="stmt"/>
        <line num="8" count="1" type="stmt"/>
      </file>
      <file name="user-register.dto.ts" path="D:\Projects\node_abc\bin-api\src\users\dto\user-register.dto.ts">
        <metrics statements="5" coveredstatements="5" conditionals="0" coveredconditionals="0" methods="0" coveredmethods="0"/>
        <line num="1" count="1" type="stmt"/>
        <line num="3" count="1" type="stmt"/>
        <line num="5" count="1" type="stmt"/>
        <line num="8" count="1" type="stmt"/>
        <line num="11" count="1" type="stmt"/>
      </file>
    </package>
  </project>
</coverage>
