{"D:\\Projects\\node_abc\\bin-api\\src\\app.ts": {"path":"D:\\Projects\\node_abc\\bin-api\\src\\app.ts","statementMap":{"0":{"start":{"line":1,"column":0},"end":{"line":1,"column":26}},"1":{"start":{"line":2,"column":0},"end":{"line":2,"column":43}},"2":{"start":{"line":7,"column":0},"end":{"line":7,"column":58}},"3":{"start":{"line":10,"column":0},"end":{"line":10,"column":47}},"4":{"start":{"line":11,"column":0},"end":{"line":11,"column":32}},"5":{"start":{"line":12,"column":0},"end":{"line":12,"column":35}},"6":{"start":{"line":14,"column":0},"end":{"line":14,"column":58}},"7":{"start":{"line":15,"column":0},"end":{"line":15,"column":58}},"8":{"start":{"line":18,"column":7},"end":{"line":104,"column":null}},"9":{"start":{"line":31,"column":35},"end":{"line":31,"column":50}},"10":{"start":{"line":32,"column":42},"end":{"line":32,"column":58}},"11":{"start":{"line":33,"column":43},"end":{"line":33,"column":76}},"12":{"start":{"line":34,"column":41},"end":{"line":34,"column":70}},"13":{"start":{"line":35,"column":41},"end":{"line":35,"column":56}},"14":{"start":{"line":37,"column":4},"end":{"line":37,"column":25}},"15":{"start":{"line":38,"column":4},"end":{"line":38,"column":21}},"16":{"start":{"line":57,"column":4},"end":{"line":57,"column":25}},"17":{"start":{"line":60,"column":27},"end":{"line":60,"column":79}},"18":{"start":{"line":61,"column":4},"end":{"line":61,"column":62}},"19":{"start":{"line":68,"column":4},"end":{"line":68,"column":55}},"20":{"start":{"line":74,"column":4},"end":{"line":74,"column":72}},"21":{"start":{"line":89,"column":4},"end":{"line":89,"column":25}},"22":{"start":{"line":90,"column":4},"end":{"line":90,"column":21}},"23":{"start":{"line":91,"column":4},"end":{"line":91,"column":31}},"24":{"start":{"line":93,"column":4},"end":{"line":93,"column":39}},"25":{"start":{"line":95,"column":4},"end":{"line":95,"column":45}},"26":{"start":{"line":97,"column":4},"end":{"line":97,"column":71}},"27":{"start":{"line":102,"column":4},"end":{"line":102,"column":24}},"28":{"start":{"line":18,"column":13},"end":{"line":18,"column":16}},"29":{"start":{"line":18,"column":13},"end":{"line":104,"column":null}}},"fnMap":{"0":{"name":"(anonymous_12)","decl":{"start":{"line":28,"column":2},"end":{"line":28,"column":null}},"loc":{"start":{"line":35,"column":69},"end":{"line":51,"column":3}}},"1":{"name":"(anonymous_13)","decl":{"start":{"line":55,"column":2},"end":{"line":55,"column":15}},"loc":{"start":{"line":55,"column":15},"end":{"line":64,"column":3}}},"2":{"name":"(anonymous_14)","decl":{"start":{"line":67,"column":2},"end":{"line":67,"column":11}},"loc":{"start":{"line":67,"column":11},"end":{"line":69,"column":3}}},"3":{"name":"(anonymous_15)","decl":{"start":{"line":72,"column":2},"end":{"line":72,"column":21}},"loc":{"start":{"line":72,"column":21},"end":{"line":75,"column":3}}},"4":{"name":"(anonymous_16)","decl":{"start":{"line":81,"column":15},"end":{"line":81,"column":19}},"loc":{"start":{"line":81,"column":19},"end":{"line":98,"column":null}}},"5":{"name":"(anonymous_18)","decl":{"start":{"line":100,"column":9},"end":{"line":100,"column":14}},"loc":{"start":{"line":100,"column":14},"end":{"line":103,"column":3}}}},"branchMap":{},"s":{"0":1,"1":1,"2":1,"3":1,"4":1,"5":1,"6":1,"7":1,"8":1,"9":1,"10":1,"11":1,"12":1,"13":1,"14":1,"15":1,"16":1,"17":1,"18":1,"19":1,"20":1,"21":1,"22":1,"23":1,"24":1,"25":1,"26":1,"27":1,"28":1,"29":1},"f":{"0":1,"1":1,"2":1,"3":1,"4":1,"5":1},"b":{}}
,"D:\\Projects\\node_abc\\bin-api\\src\\main.ts": {"path":"D:\\Projects\\node_abc\\bin-api\\src\\main.ts","statementMap":{"0":{"start":{"line":1,"column":0},"end":{"line":1,"column":26}},"1":{"start":{"line":2,"column":0},"end":{"line":2,"column":28}},"2":{"start":{"line":3,"column":0},"end":{"line":3,"column":83}},"3":{"start":{"line":5,"column":0},"end":{"line":5,"column":56}},"4":{"start":{"line":7,"column":0},"end":{"line":7,"column":58}},"5":{"start":{"line":9,"column":0},"end":{"line":9,"column":60}},"6":{"start":{"line":11,"column":0},"end":{"line":11,"column":52}},"7":{"start":{"line":12,"column":0},"end":{"line":12,"column":32}},"8":{"start":{"line":14,"column":0},"end":{"line":14,"column":56}},"9":{"start":{"line":15,"column":0},"end":{"line":15,"column":58}},"10":{"start":{"line":17,"column":0},"end":{"line":17,"column":59}},"11":{"start":{"line":84,"column":13},"end":{"line":100,"column":3}},"12":{"start":{"line":89,"column":2},"end":{"line":89,"column":68}},"13":{"start":{"line":90,"column":2},"end":{"line":90,"column":68}},"14":{"start":{"line":93,"column":2},"end":{"line":93,"column":65}},"15":{"start":{"line":94,"column":2},"end":{"line":94,"column":56}},"16":{"start":{"line":96,"column":2},"end":{"line":96,"column":81}},"17":{"start":{"line":97,"column":2},"end":{"line":97,"column":80}},"18":{"start":{"line":98,"column":2},"end":{"line":98,"column":87}},"19":{"start":{"line":99,"column":2},"end":{"line":99,"column":39}},"20":{"start":{"line":106,"column":23},"end":{"line":106,"column":38}},"21":{"start":{"line":108,"column":2},"end":{"line":108,"column":33}},"22":{"start":{"line":109,"column":14},"end":{"line":109,"column":54}},"23":{"start":{"line":111,"column":2},"end":{"line":111,"column":19}},"24":{"start":{"line":113,"column":2},"end":{"line":113,"column":31}},"25":{"start":{"line":118,"column":13},"end":{"line":118,"column":32}}},"fnMap":{"0":{"name":"(anonymous_7)","decl":{"start":{"line":84,"column":47},"end":{"line":84,"column":48}},"loc":{"start":{"line":84,"column":60},"end":{"line":100,"column":1}}},"1":{"name":"bootstrap","decl":{"start":{"line":103,"column":15},"end":{"line":103,"column":24}},"loc":{"start":{"line":103,"column":24},"end":{"line":114,"column":null}}}},"branchMap":{},"s":{"0":1,"1":1,"2":1,"3":1,"4":1,"5":1,"6":1,"7":1,"8":1,"9":1,"10":1,"11":1,"12":1,"13":1,"14":1,"15":1,"16":1,"17":1,"18":1,"19":1,"20":1,"21":1,"22":1,"23":1,"24":1,"25":1},"f":{"0":1,"1":1},"b":{}}
,"D:\\Projects\\node_abc\\bin-api\\src\\types.ts": {"path":"D:\\Projects\\node_abc\\bin-api\\src\\types.ts","statementMap":{"0":{"start":{"line":1,"column":13},"end":{"line":10,"column":2}}},"fnMap":{},"branchMap":{},"s":{"0":1},"f":{},"b":{}}
,"D:\\Projects\\node_abc\\bin-api\\src\\common\\auth.guard.ts": {"path":"D:\\Projects\\node_abc\\bin-api\\src\\common\\auth.guard.ts","statementMap":{"0":{"start":{"line":7,"column":4},"end":{"line":9,"column":5}},"1":{"start":{"line":8,"column":6},"end":{"line":8,"column":20}},"2":{"start":{"line":10,"column":4},"end":{"line":10,"column":58}},"3":{"start":{"line":4,"column":0},"end":{"line":4,"column":13}}},"fnMap":{"0":{"name":"(anonymous_0)","decl":{"start":{"line":5,"column":2},"end":{"line":5,"column":9}},"loc":{"start":{"line":5,"column":57},"end":{"line":11,"column":3}}}},"branchMap":{"0":{"loc":{"start":{"line":7,"column":4},"end":{"line":9,"column":5}},"type":"if","locations":[{"start":{"line":7,"column":4},"end":{"line":9,"column":5}}]}},"s":{"0":2,"1":1,"2":1,"3":1},"f":{"0":2},"b":{"0":[1]}}
,"D:\\Projects\\node_abc\\bin-api\\src\\common\\auth.middleware.ts": {"path":"D:\\Projects\\node_abc\\bin-api\\src\\common\\auth.middleware.ts","statementMap":{"0":{"start":{"line":3,"column":0},"end":{"line":3,"column":38}},"1":{"start":{"line":7,"column":22},"end":{"line":7,"column":36}},"2":{"start":{"line":15,"column":4},"end":{"line":36,"column":5}},"3":{"start":{"line":21,"column":6},"end":{"line":33,"column":9}},"4":{"start":{"line":22,"column":8},"end":{"line":32,"column":9}},"5":{"start":{"line":23,"column":10},"end":{"line":23,"column":17}},"6":{"start":{"line":24,"column":15},"end":{"line":32,"column":9}},"7":{"start":{"line":30,"column":10},"end":{"line":30,"column":35}},"8":{"start":{"line":31,"column":10},"end":{"line":31,"column":17}},"9":{"start":{"line":35,"column":6},"end":{"line":35,"column":13}},"10":{"start":{"line":5,"column":0},"end":{"line":5,"column":13}}},"fnMap":{"0":{"name":"(anonymous_0)","decl":{"start":{"line":7,"column":2},"end":{"line":7,"column":22}},"loc":{"start":{"line":7,"column":36},"end":{"line":7,"column":40}}},"1":{"name":"(anonymous_1)","decl":{"start":{"line":12,"column":2},"end":{"line":12,"column":9}},"loc":{"start":{"line":12,"column":57},"end":{"line":37,"column":3}}},"2":{"name":"(anonymous_2)","decl":{"start":{"line":21,"column":67},"end":{"line":21,"column":68}},"loc":{"start":{"line":21,"column":84},"end":{"line":33,"column":7}}}},"branchMap":{"0":{"loc":{"start":{"line":15,"column":4},"end":{"line":36,"column":5}},"type":"if","locations":[{"start":{"line":15,"column":4},"end":{"line":36,"column":5}},{"start":{"line":34,"column":11},"end":{"line":36,"column":5}}]},"1":{"loc":{"start":{"line":22,"column":8},"end":{"line":32,"column":9}},"type":"if","locations":[{"start":{"line":22,"column":8},"end":{"line":32,"column":9}},{"start":{"line":24,"column":15},"end":{"line":32,"column":9}}]},"2":{"loc":{"start":{"line":24,"column":15},"end":{"line":32,"column":9}},"type":"if","locations":[{"start":{"line":24,"column":15},"end":{"line":32,"column":9}}]},"3":{"loc":{"start":{"line":24,"column":19},"end":{"line":24,"column":79}},"type":"binary-expr","locations":[{"start":{"line":24,"column":19},"end":{"line":24,"column":26}},{"start":{"line":24,"column":30},"end":{"line":24,"column":57}},{"start":{"line":24,"column":61},"end":{"line":24,"column":79}}]}},"s":{"0":1,"1":1,"2":6,"3":2,"4":2,"5":1,"6":1,"7":1,"8":1,"9":4,"10":1},"f":{"0":1,"1":6,"2":2},"b":{"0":[2,4],"1":[1,1],"2":[1],"3":[1,1,1]}}
,"D:\\Projects\\node_abc\\bin-api\\src\\common\\base.controller.ts": {"path":"D:\\Projects\\node_abc\\bin-api\\src\\common\\base.controller.ts","statementMap":{"0":{"start":{"line":1,"column":0},"end":{"line":1,"column":43}},"1":{"start":{"line":5,"column":0},"end":{"line":5,"column":39}},"2":{"start":{"line":6,"column":0},"end":{"line":6,"column":9}},"3":{"start":{"line":6,"column":9},"end":{"line":6,"column":33}},"4":{"start":{"line":10,"column":7},"end":{"line":64,"column":null}},"5":{"start":{"line":15,"column":22},"end":{"line":15,"column":37}},"6":{"start":{"line":18,"column":4},"end":{"line":18,"column":28}},"7":{"start":{"line":22,"column":4},"end":{"line":22,"column":24}},"8":{"start":{"line":26,"column":4},"end":{"line":26,"column":33}},"9":{"start":{"line":27,"column":4},"end":{"line":27,"column":42}},"10":{"start":{"line":31,"column":4},"end":{"line":31,"column":43}},"11":{"start":{"line":35,"column":4},"end":{"line":35,"column":31}},"12":{"start":{"line":42,"column":4},"end":{"line":55,"column":5}},"13":{"start":{"line":44,"column":6},"end":{"line":44,"column":57}},"14":{"start":{"line":48,"column":25},"end":{"line":48,"column":73}},"15":{"start":{"line":48,"column":55},"end":{"line":48,"column":72}},"16":{"start":{"line":49,"column":22},"end":{"line":49,"column":43}},"17":{"start":{"line":53,"column":23},"end":{"line":53,"column":70}},"18":{"start":{"line":54,"column":6},"end":{"line":54,"column":54}},"19":{"start":{"line":10,"column":22},"end":{"line":10,"column":36}},"20":{"start":{"line":10,"column":22},"end":{"line":64,"column":null}}},"fnMap":{"0":{"name":"(anonymous_2)","decl":{"start":{"line":6,"column":9},"end":{"line":6,"column":15}},"loc":{"start":{"line":6,"column":9},"end":{"line":6,"column":33}}},"1":{"name":"(anonymous_3)","decl":{"start":{"line":15,"column":2},"end":{"line":15,"column":22}},"loc":{"start":{"line":15,"column":37},"end":{"line":19,"column":3}}},"2":{"name":"(anonymous_4)","decl":{"start":{"line":21,"column":2},"end":{"line":21,"column":6}},"loc":{"start":{"line":21,"column":12},"end":{"line":23,"column":3}}},"3":{"name":"(anonymous_5)","decl":{"start":{"line":25,"column":9},"end":{"line":25,"column":13}},"loc":{"start":{"line":25,"column":56},"end":{"line":28,"column":3}}},"4":{"name":"(anonymous_6)","decl":{"start":{"line":30,"column":9},"end":{"line":30,"column":11}},"loc":{"start":{"line":30,"column":40},"end":{"line":32,"column":3}}},"5":{"name":"(anonymous_7)","decl":{"start":{"line":34,"column":9},"end":{"line":34,"column":16}},"loc":{"start":{"line":34,"column":30},"end":{"line":36,"column":3}}},"6":{"name":"(anonymous_8)","decl":{"start":{"line":41,"column":12},"end":{"line":41,"column":22}},"loc":{"start":{"line":41,"column":49},"end":{"line":56,"column":3}}},"7":{"name":"(anonymous_9)","decl":{"start":{"line":48,"column":48},"end":{"line":48,"column":49}},"loc":{"start":{"line":48,"column":55},"end":{"line":48,"column":72}}}},"branchMap":{"0":{"loc":{"start":{"line":48,"column":25},"end":{"line":48,"column":73}},"type":"cond-expr","locations":[{"start":{"line":48,"column":42},"end":{"line":48,"column":44}},{"start":{"line":48,"column":42},"end":{"line":48,"column":73}}]},"1":{"loc":{"start":{"line":48,"column":25},"end":{"line":48,"column":44}},"type":"binary-expr","locations":[{"start":{"line":48,"column":25},"end":{"line":48,"column":44}},{"start":{"line":48,"column":42},"end":{"line":48,"column":44}}]},"2":{"loc":{"start":{"line":53,"column":23},"end":{"line":53,"column":70}},"type":"cond-expr","locations":[{"start":{"line":53,"column":36},"end":{"line":53,"column":60}},{"start":{"line":53,"column":63},"end":{"line":53,"column":70}}]}},"s":{"0":1,"1":1,"2":1,"3":1,"4":1,"5":1,"6":1,"7":4,"8":3,"9":3,"10":3,"11":0,"12":1,"13":3,"14":3,"15":3,"16":3,"17":3,"18":3,"19":1,"20":1},"f":{"0":0,"1":1,"2":4,"3":3,"4":3,"5":0,"6":1,"7":3},"b":{"0":[0,3],"1":[3,3],"2":[3,0]}}
,"D:\\Projects\\node_abc\\bin-api\\src\\common\\validate.middleware.ts": {"path":"D:\\Projects\\node_abc\\bin-api\\src\\common\\validate.middleware.ts","statementMap":{"0":{"start":{"line":3,"column":0},"end":{"line":3,"column":67}},"1":{"start":{"line":4,"column":0},"end":{"line":4,"column":43}},"2":{"start":{"line":9,"column":22},"end":{"line":9,"column":63}},"3":{"start":{"line":14,"column":21},"end":{"line":14,"column":61}},"4":{"start":{"line":16,"column":4},"end":{"line":25,"column":7}},"5":{"start":{"line":17,"column":6},"end":{"line":24,"column":7}},"6":{"start":{"line":20,"column":8},"end":{"line":20,"column":37}},"7":{"start":{"line":23,"column":8},"end":{"line":23,"column":15}},"8":{"start":{"line":6,"column":0},"end":{"line":6,"column":13}}},"fnMap":{"0":{"name":"(anonymous_0)","decl":{"start":{"line":9,"column":2},"end":{"line":9,"column":22}},"loc":{"start":{"line":9,"column":63},"end":{"line":9,"column":67}}},"1":{"name":"(anonymous_1)","decl":{"start":{"line":11,"column":2},"end":{"line":11,"column":9}},"loc":{"start":{"line":11,"column":62},"end":{"line":26,"column":3}}},"2":{"name":"(anonymous_2)","decl":{"start":{"line":16,"column":28},"end":{"line":16,"column":29}},"loc":{"start":{"line":16,"column":39},"end":{"line":25,"column":5}}}},"branchMap":{"0":{"loc":{"start":{"line":17,"column":6},"end":{"line":24,"column":7}},"type":"if","locations":[{"start":{"line":17,"column":6},"end":{"line":24,"column":7}},{"start":{"line":21,"column":13},"end":{"line":24,"column":7}}]}},"s":{"0":1,"1":1,"2":2,"3":4,"4":4,"5":4,"6":0,"7":4,"8":1},"f":{"0":2,"1":4,"2":4},"b":{"0":[0,4]}}
,"D:\\Projects\\node_abc\\bin-api\\src\\config\\config.service.ts": {"path":"D:\\Projects\\node_abc\\bin-api\\src\\config\\config.service.ts","statementMap":{"0":{"start":{"line":2,"column":0},"end":{"line":2,"column":71}},"1":{"start":{"line":3,"column":0},"end":{"line":3,"column":47}},"2":{"start":{"line":5,"column":0},"end":{"line":5,"column":33}},"3":{"start":{"line":8,"column":7},"end":{"line":24,"column":null}},"4":{"start":{"line":10,"column":45},"end":{"line":10,"column":60}},"5":{"start":{"line":12,"column":39},"end":{"line":12,"column":47}},"6":{"start":{"line":13,"column":4},"end":{"line":18,"column":5}},"7":{"start":{"line":14,"column":6},"end":{"line":14,"column":93}},"8":{"start":{"line":16,"column":6},"end":{"line":16,"column":69}},"9":{"start":{"line":17,"column":6},"end":{"line":17,"column":55}},"10":{"start":{"line":22,"column":4},"end":{"line":22,"column":28}},"11":{"start":{"line":8,"column":13},"end":{"line":8,"column":26}},"12":{"start":{"line":8,"column":13},"end":{"line":24,"column":null}}},"fnMap":{"0":{"name":"(anonymous_4)","decl":{"start":{"line":10,"column":2},"end":{"line":10,"column":15}},"loc":{"start":{"line":10,"column":60},"end":{"line":19,"column":3}}},"1":{"name":"(anonymous_5)","decl":{"start":{"line":21,"column":2},"end":{"line":21,"column":5}},"loc":{"start":{"line":21,"column":17},"end":{"line":23,"column":3}}}},"branchMap":{"0":{"loc":{"start":{"line":13,"column":4},"end":{"line":18,"column":5}},"type":"if","locations":[{"start":{"line":13,"column":4},"end":{"line":18,"column":5}},{"start":{"line":15,"column":11},"end":{"line":18,"column":5}}]}},"s":{"0":1,"1":1,"2":1,"3":1,"4":1,"5":1,"6":1,"7":0,"8":1,"9":1,"10":4,"11":1,"12":1},"f":{"0":1,"1":4},"b":{"0":[0,1]}}
,"D:\\Projects\\node_abc\\bin-api\\src\\database\\prisma.service.ts": {"path":"D:\\Projects\\node_abc\\bin-api\\src\\database\\prisma.service.ts","statementMap":{"0":{"start":{"line":1,"column":0},"end":{"line":1,"column":57}},"1":{"start":{"line":2,"column":0},"end":{"line":2,"column":47}},"2":{"start":{"line":4,"column":0},"end":{"line":4,"column":33}},"3":{"start":{"line":10,"column":7},"end":{"line":33,"column":null}},"4":{"start":{"line":13,"column":45},"end":{"line":13,"column":60}},"5":{"start":{"line":14,"column":4},"end":{"line":14,"column":37}},"6":{"start":{"line":19,"column":4},"end":{"line":26,"column":5}},"7":{"start":{"line":20,"column":6},"end":{"line":20,"column":35}},"8":{"start":{"line":21,"column":6},"end":{"line":21,"column":76}},"9":{"start":{"line":23,"column":6},"end":{"line":25,"column":7}},"10":{"start":{"line":24,"column":8},"end":{"line":24,"column":92}},"11":{"start":{"line":31,"column":4},"end":{"line":31,"column":36}},"12":{"start":{"line":10,"column":13},"end":{"line":10,"column":26}},"13":{"start":{"line":10,"column":13},"end":{"line":33,"column":null}}},"fnMap":{"0":{"name":"(anonymous_11)","decl":{"start":{"line":13,"column":2},"end":{"line":13,"column":15}},"loc":{"start":{"line":13,"column":60},"end":{"line":15,"column":3}}},"1":{"name":"(anonymous_12)","decl":{"start":{"line":18,"column":8},"end":{"line":18,"column":15}},"loc":{"start":{"line":18,"column":15},"end":{"line":27,"column":null}}},"2":{"name":"(anonymous_14)","decl":{"start":{"line":30,"column":8},"end":{"line":30,"column":18}},"loc":{"start":{"line":30,"column":18},"end":{"line":32,"column":null}}}},"branchMap":{"0":{"loc":{"start":{"line":23,"column":6},"end":{"line":25,"column":7}},"type":"if","locations":[{"start":{"line":23,"column":6},"end":{"line":25,"column":7}}]}},"s":{"0":1,"1":1,"2":1,"3":1,"4":1,"5":1,"6":1,"7":1,"8":1,"9":0,"10":0,"11":0,"12":1,"13":1},"f":{"0":1,"1":1,"2":0},"b":{"0":[0]}}
,"D:\\Projects\\node_abc\\bin-api\\src\\errors\\exception.filter.ts": {"path":"D:\\Projects\\node_abc\\bin-api\\src\\errors\\exception.filter.ts","statementMap":{"0":{"start":{"line":1,"column":0},"end":{"line":1,"column":26}},"1":{"start":{"line":5,"column":0},"end":{"line":5,"column":47}},"2":{"start":{"line":6,"column":0},"end":{"line":6,"column":47}},"3":{"start":{"line":8,"column":0},"end":{"line":8,"column":33}},"4":{"start":{"line":15,"column":7},"end":{"line":43,"column":null}},"5":{"start":{"line":24,"column":45},"end":{"line":24,"column":60}},"6":{"start":{"line":31,"column":4},"end":{"line":41,"column":5}},"7":{"start":{"line":33,"column":6},"end":{"line":33,"column":85}},"8":{"start":{"line":35,"column":6},"end":{"line":35,"column":60}},"9":{"start":{"line":38,"column":6},"end":{"line":38,"column":42}},"10":{"start":{"line":40,"column":6},"end":{"line":40,"column":49}},"11":{"start":{"line":15,"column":13},"end":{"line":15,"column":28}},"12":{"start":{"line":15,"column":13},"end":{"line":43,"column":null}}},"fnMap":{"0":{"name":"(anonymous_4)","decl":{"start":{"line":24,"column":2},"end":{"line":24,"column":15}},"loc":{"start":{"line":24,"column":60},"end":{"line":24,"column":64}}},"1":{"name":"(anonymous_5)","decl":{"start":{"line":30,"column":2},"end":{"line":30,"column":7}},"loc":{"start":{"line":30,"column":79},"end":{"line":42,"column":3}}}},"branchMap":{"0":{"loc":{"start":{"line":31,"column":4},"end":{"line":41,"column":5}},"type":"if","locations":[{"start":{"line":31,"column":4},"end":{"line":41,"column":5}},{"start":{"line":36,"column":11},"end":{"line":41,"column":5}}]}},"s":{"0":1,"1":1,"2":1,"3":1,"4":1,"5":1,"6":2,"7":2,"8":2,"9":0,"10":0,"11":1,"12":1},"f":{"0":1,"1":2},"b":{"0":[2,0]}}
,"D:\\Projects\\node_abc\\bin-api\\src\\errors\\http-error.class.ts": {"path":"D:\\Projects\\node_abc\\bin-api\\src\\errors\\http-error.class.ts","statementMap":{"0":{"start":{"line":9,"column":4},"end":{"line":9,"column":19}},"1":{"start":{"line":10,"column":4},"end":{"line":10,"column":33}},"2":{"start":{"line":11,"column":4},"end":{"line":11,"column":27}},"3":{"start":{"line":12,"column":4},"end":{"line":12,"column":27}},"4":{"start":{"line":4,"column":0},"end":{"line":4,"column":13}}},"fnMap":{"0":{"name":"(anonymous_0)","decl":{"start":{"line":8,"column":2},"end":{"line":8,"column":14}},"loc":{"start":{"line":8,"column":67},"end":{"line":13,"column":3}}}},"branchMap":{},"s":{"0":2,"1":2,"2":2,"3":2,"4":1},"f":{"0":2},"b":{}}
,"D:\\Projects\\node_abc\\bin-api\\src\\logger\\logger.service.ts": {"path":"D:\\Projects\\node_abc\\bin-api\\src\\logger\\logger.service.ts","statementMap":{"0":{"start":{"line":1,"column":0},"end":{"line":1,"column":26}},"1":{"start":{"line":2,"column":0},"end":{"line":2,"column":40}},"2":{"start":{"line":4,"column":0},"end":{"line":4,"column":47}},"3":{"start":{"line":14,"column":7},"end":{"line":41,"column":null}},"4":{"start":{"line":19,"column":27},"end":{"line":19,"column":91}},"5":{"start":{"line":22,"column":4},"end":{"line":24,"column":7}},"6":{"start":{"line":29,"column":4},"end":{"line":29,"column":30}},"7":{"start":{"line":35,"column":4},"end":{"line":35,"column":31}},"8":{"start":{"line":39,"column":4},"end":{"line":39,"column":30}},"9":{"start":{"line":14,"column":13},"end":{"line":14,"column":26}},"10":{"start":{"line":14,"column":13},"end":{"line":41,"column":null}}},"fnMap":{"0":{"name":"(anonymous_2)","decl":{"start":{"line":17,"column":2},"end":{"line":17,"column":null}},"loc":{"start":{"line":17,"column":2},"end":{"line":25,"column":3}}},"1":{"name":"(anonymous_3)","decl":{"start":{"line":28,"column":9},"end":{"line":28,"column":12}},"loc":{"start":{"line":28,"column":31},"end":{"line":30,"column":3}}},"2":{"name":"(anonymous_4)","decl":{"start":{"line":32,"column":9},"end":{"line":32,"column":14}},"loc":{"start":{"line":32,"column":33},"end":{"line":36,"column":3}}},"3":{"name":"(anonymous_5)","decl":{"start":{"line":38,"column":9},"end":{"line":38,"column":13}},"loc":{"start":{"line":38,"column":32},"end":{"line":40,"column":3}}}},"branchMap":{},"s":{"0":1,"1":1,"2":1,"3":1,"4":1,"5":1,"6":6,"7":2,"8":0,"9":1,"10":1},"f":{"0":1,"1":6,"2":2,"3":0},"b":{}}
,"D:\\Projects\\node_abc\\bin-api\\src\\users\\user.entity.ts": {"path":"D:\\Projects\\node_abc\\bin-api\\src\\users\\user.entity.ts","statementMap":{"0":{"start":{"line":1,"column":0},"end":{"line":1,"column":41}},"1":{"start":{"line":18,"column":21},"end":{"line":18,"column":35}},"2":{"start":{"line":19,"column":21},"end":{"line":19,"column":34}},"3":{"start":{"line":22,"column":4},"end":{"line":24,"column":5}},"4":{"start":{"line":23,"column":6},"end":{"line":23,"column":36}},"5":{"start":{"line":28,"column":4},"end":{"line":28,"column":23}},"6":{"start":{"line":32,"column":4},"end":{"line":32,"column":22}},"7":{"start":{"line":36,"column":4},"end":{"line":36,"column":26}},"8":{"start":{"line":43,"column":4},"end":{"line":43,"column":44}},"9":{"start":{"line":47,"column":4},"end":{"line":47,"column":41}},"10":{"start":{"line":5,"column":0},"end":{"line":5,"column":13}}},"fnMap":{"0":{"name":"(anonymous_8)","decl":{"start":{"line":27,"column":2},"end":{"line":27,"column":6}},"loc":{"start":{"line":27,"column":11},"end":{"line":29,"column":3}}},"1":{"name":"(anonymous_9)","decl":{"start":{"line":31,"column":2},"end":{"line":31,"column":6}},"loc":{"start":{"line":31,"column":10},"end":{"line":33,"column":3}}},"2":{"name":"(anonymous_10)","decl":{"start":{"line":35,"column":2},"end":{"line":35,"column":6}},"loc":{"start":{"line":35,"column":14},"end":{"line":37,"column":3}}},"3":{"name":"(anonymous_11)","decl":{"start":{"line":40,"column":15},"end":{"line":40,"column":26}},"loc":{"start":{"line":40,"column":53},"end":{"line":44,"column":null}}},"4":{"name":"(anonymous_13)","decl":{"start":{"line":46,"column":15},"end":{"line":46,"column":30}},"loc":{"start":{"line":46,"column":43},"end":{"line":48,"column":null}}}},"branchMap":{"0":{"loc":{"start":{"line":22,"column":4},"end":{"line":24,"column":5}},"type":"if","locations":[{"start":{"line":22,"column":4},"end":{"line":24,"column":5}}]}},"s":{"0":1,"1":4,"2":4,"3":4,"4":3,"5":0,"6":0,"7":0,"8":1,"9":3,"10":1},"f":{"0":0,"1":0,"2":0,"3":1,"4":3},"b":{"0":[3]}}
,"D:\\Projects\\node_abc\\bin-api\\src\\users\\users.controller.ts": {"path":"D:\\Projects\\node_abc\\bin-api\\src\\users\\users.controller.ts","statementMap":{"0":{"start":{"line":1,"column":0},"end":{"line":1,"column":26}},"1":{"start":{"line":3,"column":0},"end":{"line":3,"column":59}},"2":{"start":{"line":5,"column":0},"end":{"line":5,"column":55}},"3":{"start":{"line":6,"column":0},"end":{"line":6,"column":47}},"4":{"start":{"line":7,"column":0},"end":{"line":7,"column":33}},"5":{"start":{"line":10,"column":0},"end":{"line":10,"column":52}},"6":{"start":{"line":11,"column":0},"end":{"line":11,"column":58}},"7":{"start":{"line":14,"column":0},"end":{"line":14,"column":67}},"8":{"start":{"line":15,"column":0},"end":{"line":15,"column":36}},"9":{"start":{"line":18,"column":0},"end":{"line":18,"column":49}},"10":{"start":{"line":33,"column":7},"end":{"line":208,"column":null}},"11":{"start":{"line":41,"column":4},"end":{"line":41,"column":25}},"12":{"start":{"line":37,"column":35},"end":{"line":37,"column":57}},"13":{"start":{"line":38,"column":39},"end":{"line":38,"column":64}},"14":{"start":{"line":39,"column":41},"end":{"line":39,"column":70}},"15":{"start":{"line":44,"column":4},"end":{"line":63,"column":7}},"16":{"start":{"line":75,"column":4},"end":{"line":75,"column":26}},"17":{"start":{"line":82,"column":4},"end":{"line":82,"column":37}},"18":{"start":{"line":93,"column":19},"end":{"line":93,"column":64}},"19":{"start":{"line":95,"column":4},"end":{"line":97,"column":5}},"20":{"start":{"line":96,"column":6},"end":{"line":96,"column":69}},"21":{"start":{"line":102,"column":16},"end":{"line":102,"column":84}},"22":{"start":{"line":103,"column":4},"end":{"line":103,"column":26}},"23":{"start":{"line":133,"column":4},"end":{"line":156,"column":null}},"24":{"start":{"line":148,"column":19},"end":{"line":148,"column":58}},"25":{"start":{"line":149,"column":4},"end":{"line":151,"column":5}},"26":{"start":{"line":150,"column":6},"end":{"line":150,"column":75}},"27":{"start":{"line":155,"column":4},"end":{"line":155,"column":57}},"28":{"start":{"line":158,"column":13},"end":{"line":165,"column":null}},"29":{"start":{"line":163,"column":21},"end":{"line":163,"column":61}},"30":{"start":{"line":164,"column":4},"end":{"line":164,"column":63}},"31":{"start":{"line":170,"column":4},"end":{"line":206,"column":7}},"32":{"start":{"line":186,"column":6},"end":{"line":205,"column":8}},"33":{"start":{"line":196,"column":10},"end":{"line":198,"column":11}},"34":{"start":{"line":197,"column":12},"end":{"line":197,"column":24}},"35":{"start":{"line":203,"column":10},"end":{"line":203,"column":35}},"36":{"start":{"line":33,"column":13},"end":{"line":33,"column":27}},"37":{"start":{"line":33,"column":13},"end":{"line":208,"column":null}}},"fnMap":{"0":{"name":"(anonymous_11)","decl":{"start":{"line":36,"column":2},"end":{"line":36,"column":null}},"loc":{"start":{"line":39,"column":70},"end":{"line":64,"column":3}}},"1":{"name":"(anonymous_12)","decl":{"start":{"line":69,"column":8},"end":{"line":69,"column":13}},"loc":{"start":{"line":72,"column":22},"end":{"line":104,"column":null}}},"2":{"name":"(anonymous_14)","decl":{"start":{"line":132,"column":8},"end":{"line":132,"column":16}},"loc":{"start":{"line":132,"column":16},"end":{"line":156,"column":null}}},"3":{"name":"(anonymous_15)","decl":{"start":{"line":133,"column":4},"end":{"line":133,"column":6}},"loc":{"start":{"line":135,"column":22},"end":{"line":156,"column":3}}},"4":{"name":"(anonymous_16)","decl":{"start":{"line":158,"column":8},"end":{"line":158,"column":12}},"loc":{"start":{"line":158,"column":12},"end":{"line":165,"column":null}}},"5":{"name":"(anonymous_17)","decl":{"start":{"line":158,"column":13},"end":{"line":158,"column":15}},"loc":{"start":{"line":158,"column":65},"end":{"line":165,"column":3}}},"6":{"name":"(anonymous_18)","decl":{"start":{"line":168,"column":10},"end":{"line":168,"column":17}},"loc":{"start":{"line":168,"column":47},"end":{"line":207,"column":3}}},"7":{"name":"(anonymous_19)","decl":{"start":{"line":170,"column":31},"end":{"line":170,"column":32}},"loc":{"start":{"line":170,"column":51},"end":{"line":206,"column":5}}},"8":{"name":"(anonymous_20)","decl":{"start":{"line":195,"column":8},"end":{"line":195,"column":9}},"loc":{"start":{"line":195,"column":23},"end":{"line":204,"column":9}}}},"branchMap":{"0":{"loc":{"start":{"line":95,"column":4},"end":{"line":97,"column":5}},"type":"if","locations":[{"start":{"line":95,"column":4},"end":{"line":97,"column":5}}]},"1":{"loc":{"start":{"line":149,"column":4},"end":{"line":151,"column":5}},"type":"if","locations":[{"start":{"line":149,"column":4},"end":{"line":151,"column":5}}]},"2":{"loc":{"start":{"line":164,"column":26},"end":{"line":164,"column":41}},"type":"cond-expr","locations":[{"start":{"line":164,"column":34},"end":{"line":164,"column":36}},{"start":{"line":164,"column":26},"end":{"line":164,"column":41}}]},"3":{"loc":{"start":{"line":164,"column":26},"end":{"line":164,"column":36}},"type":"binary-expr","locations":[{"start":{"line":164,"column":26},"end":{"line":164,"column":36}},{"start":{"line":164,"column":26},"end":{"line":164,"column":36}}]},"4":{"loc":{"start":{"line":164,"column":47},"end":{"line":164,"column":59}},"type":"cond-expr","locations":[{"start":{"line":164,"column":55},"end":{"line":164,"column":57}},{"start":{"line":164,"column":47},"end":{"line":164,"column":59}}]},"5":{"loc":{"start":{"line":164,"column":47},"end":{"line":164,"column":57}},"type":"binary-expr","locations":[{"start":{"line":164,"column":47},"end":{"line":164,"column":57}},{"start":{"line":164,"column":47},"end":{"line":164,"column":57}}]},"6":{"loc":{"start":{"line":196,"column":10},"end":{"line":198,"column":11}},"type":"if","locations":[{"start":{"line":196,"column":10},"end":{"line":198,"column":11}}]}},"s":{"0":1,"1":1,"2":1,"3":1,"4":1,"5":1,"6":1,"7":1,"8":1,"9":1,"10":1,"11":1,"12":1,"13":1,"14":1,"15":1,"16":3,"17":3,"18":3,"19":3,"20":1,"21":2,"22":2,"23":1,"24":1,"25":1,"26":1,"27":0,"28":1,"29":1,"30":1,"31":2,"32":2,"33":2,"34":0,"35":2,"36":1,"37":1},"f":{"0":1,"1":3,"2":1,"3":1,"4":1,"5":1,"6":2,"7":2,"8":2},"b":{"0":[1],"1":[1],"2":[0,1],"3":[1,1],"4":[0,1],"5":[1,1],"6":[0]}}
,"D:\\Projects\\node_abc\\bin-api\\src\\users\\users.repository.ts": {"path":"D:\\Projects\\node_abc\\bin-api\\src\\users\\users.repository.ts","statementMap":{"0":{"start":{"line":2,"column":0},"end":{"line":2,"column":47}},"1":{"start":{"line":3,"column":0},"end":{"line":3,"column":59}},"2":{"start":{"line":4,"column":0},"end":{"line":4,"column":33}},"3":{"start":{"line":12,"column":7},"end":{"line":40,"column":null}},"4":{"start":{"line":13,"column":51},"end":{"line":13,"column":66}},"5":{"start":{"line":16,"column":15},"end":{"line":27,"column":null}},"6":{"start":{"line":20,"column":4},"end":{"line":26,"column":7}},"7":{"start":{"line":34,"column":4},"end":{"line":38,"column":7}},"8":{"start":{"line":12,"column":13},"end":{"line":12,"column":28}},"9":{"start":{"line":12,"column":13},"end":{"line":40,"column":null}}},"fnMap":{"0":{"name":"(anonymous_11)","decl":{"start":{"line":13,"column":2},"end":{"line":13,"column":15}},"loc":{"start":{"line":13,"column":79},"end":{"line":13,"column":83}}},"1":{"name":"(anonymous_12)","decl":{"start":{"line":16,"column":8},"end":{"line":16,"column":14}},"loc":{"start":{"line":16,"column":14},"end":{"line":27,"column":null}}},"2":{"name":"(anonymous_13)","decl":{"start":{"line":16,"column":15},"end":{"line":16,"column":17}},"loc":{"start":{"line":16,"column":46},"end":{"line":27,"column":3}}},"3":{"name":"(anonymous_14)","decl":{"start":{"line":30,"column":8},"end":{"line":30,"column":12}},"loc":{"start":{"line":30,"column":26},"end":{"line":39,"column":null}}}},"branchMap":{},"s":{"0":1,"1":1,"2":1,"3":1,"4":1,"5":0,"6":0,"7":5,"8":1,"9":1},"f":{"0":1,"1":0,"2":0,"3":5},"b":{}}
,"D:\\Projects\\node_abc\\bin-api\\src\\users\\users.service.ts": {"path":"D:\\Projects\\node_abc\\bin-api\\src\\users\\users.service.ts","statementMap":{"0":{"start":{"line":1,"column":0},"end":{"line":1,"column":26}},"1":{"start":{"line":2,"column":0},"end":{"line":2,"column":47}},"2":{"start":{"line":5,"column":0},"end":{"line":5,"column":37}},"3":{"start":{"line":7,"column":0},"end":{"line":7,"column":33}},"4":{"start":{"line":14,"column":7},"end":{"line":70,"column":null}},"5":{"start":{"line":18,"column":41},"end":{"line":18,"column":70}},"6":{"start":{"line":19,"column":43},"end":{"line":19,"column":76}},"7":{"start":{"line":22,"column":19},"end":{"line":47,"column":null}},"8":{"start":{"line":33,"column":20},"end":{"line":33,"column":41}},"9":{"start":{"line":35,"column":17},"end":{"line":35,"column":47}},"10":{"start":{"line":36,"column":4},"end":{"line":36,"column":54}},"11":{"start":{"line":41,"column":24},"end":{"line":41,"column":62}},"12":{"start":{"line":42,"column":4},"end":{"line":44,"column":5}},"13":{"start":{"line":43,"column":6},"end":{"line":43,"column":18}},"14":{"start":{"line":46,"column":4},"end":{"line":46,"column":48}},"15":{"start":{"line":49,"column":21},"end":{"line":62,"column":null}},"16":{"start":{"line":51,"column":24},"end":{"line":51,"column":62}},"17":{"start":{"line":52,"column":4},"end":{"line":54,"column":5}},"18":{"start":{"line":53,"column":6},"end":{"line":53,"column":19}},"19":{"start":{"line":59,"column":20},"end":{"line":59,"column":87}},"20":{"start":{"line":61,"column":4},"end":{"line":61,"column":45}},"21":{"start":{"line":68,"column":4},"end":{"line":68,"column":44}},"22":{"start":{"line":14,"column":13},"end":{"line":14,"column":24}},"23":{"start":{"line":14,"column":13},"end":{"line":70,"column":null}}},"fnMap":{"0":{"name":"(anonymous_11)","decl":{"start":{"line":17,"column":2},"end":{"line":17,"column":null}},"loc":{"start":{"line":19,"column":76},"end":{"line":20,"column":6}}},"1":{"name":"(anonymous_12)","decl":{"start":{"line":22,"column":8},"end":{"line":22,"column":18}},"loc":{"start":{"line":22,"column":18},"end":{"line":47,"column":null}}},"2":{"name":"(anonymous_13)","decl":{"start":{"line":22,"column":19},"end":{"line":22,"column":21}},"loc":{"start":{"line":22,"column":61},"end":{"line":47,"column":3}}},"3":{"name":"(anonymous_14)","decl":{"start":{"line":49,"column":8},"end":{"line":49,"column":20}},"loc":{"start":{"line":49,"column":20},"end":{"line":62,"column":null}}},"4":{"name":"(anonymous_15)","decl":{"start":{"line":49,"column":21},"end":{"line":49,"column":23}},"loc":{"start":{"line":49,"column":54},"end":{"line":62,"column":3}}},"5":{"name":"(anonymous_16)","decl":{"start":{"line":67,"column":8},"end":{"line":67,"column":19}},"loc":{"start":{"line":67,"column":33},"end":{"line":69,"column":null}}}},"branchMap":{"0":{"loc":{"start":{"line":42,"column":4},"end":{"line":44,"column":5}},"type":"if","locations":[{"start":{"line":42,"column":4},"end":{"line":44,"column":5}}]},"1":{"loc":{"start":{"line":52,"column":4},"end":{"line":54,"column":5}},"type":"if","locations":[{"start":{"line":52,"column":4},"end":{"line":54,"column":5}}]}},"s":{"0":1,"1":1,"2":1,"3":1,"4":1,"5":1,"6":1,"7":1,"8":1,"9":1,"10":1,"11":1,"12":1,"13":1,"14":0,"15":3,"16":3,"17":3,"18":0,"19":3,"20":3,"21":1,"22":1,"23":1},"f":{"0":1,"1":1,"2":1,"3":3,"4":3,"5":1},"b":{"0":[1],"1":[0]}}
,"D:\\Projects\\node_abc\\bin-api\\src\\users\\dto\\user-login.dto.ts": {"path":"D:\\Projects\\node_abc\\bin-api\\src\\users\\dto\\user-login.dto.ts","statementMap":{"0":{"start":{"line":1,"column":0},"end":{"line":1,"column":52}},"1":{"start":{"line":3,"column":0},"end":{"line":3,"column":13}},"2":{"start":{"line":5,"column":2},"end":{"line":5,"column":null}},"3":{"start":{"line":8,"column":2},"end":{"line":8,"column":null}}},"fnMap":{},"branchMap":{},"s":{"0":1,"1":1,"2":1,"3":1},"f":{},"b":{}}
,"D:\\Projects\\node_abc\\bin-api\\src\\users\\dto\\user-register.dto.ts": {"path":"D:\\Projects\\node_abc\\bin-api\\src\\users\\dto\\user-register.dto.ts","statementMap":{"0":{"start":{"line":1,"column":0},"end":{"line":1,"column":52}},"1":{"start":{"line":3,"column":0},"end":{"line":3,"column":13}},"2":{"start":{"line":5,"column":2},"end":{"line":5,"column":null}},"3":{"start":{"line":8,"column":2},"end":{"line":8,"column":null}},"4":{"start":{"line":11,"column":2},"end":{"line":11,"column":null}}},"fnMap":{},"branchMap":{},"s":{"0":1,"1":1,"2":1,"3":1,"4":1},"f":{},"b":{}}
}
