TN:
SF:src\app.ts
FN:28,(anonymous_12)
FN:55,(anonymous_13)
FN:67,(anonymous_14)
FN:72,(anonymous_15)
FN:81,(anonymous_16)
FN:100,(anonymous_18)
FNF:6
FNH:6
FNDA:1,(anonymous_12)
FNDA:1,(anonymous_13)
FNDA:1,(anonymous_14)
FNDA:1,(anonymous_15)
FNDA:1,(anonymous_16)
FNDA:1,(anonymous_18)
DA:1,1
DA:2,1
DA:7,1
DA:10,1
DA:11,1
DA:12,1
DA:14,1
DA:15,1
DA:18,1
DA:31,1
DA:32,1
DA:33,1
DA:34,1
DA:35,1
DA:37,1
DA:38,1
DA:57,1
DA:60,1
DA:61,1
DA:68,1
DA:74,1
DA:89,1
DA:90,1
DA:91,1
DA:93,1
DA:95,1
DA:97,1
DA:102,1
LF:28
LH:28
BRF:0
BRH:0
end_of_record
TN:
SF:src\main.ts
FN:84,(anonymous_7)
FN:103,bootstrap
FNF:2
FNH:2
FNDA:1,(anonymous_7)
FNDA:1,bootstrap
DA:1,1
DA:2,1
DA:3,1
DA:5,1
DA:7,1
DA:9,1
DA:11,1
DA:12,1
DA:14,1
DA:15,1
DA:17,1
DA:84,1
DA:89,1
DA:90,1
DA:93,1
DA:94,1
DA:96,1
DA:97,1
DA:98,1
DA:99,1
DA:106,1
DA:108,1
DA:109,1
DA:111,1
DA:113,1
DA:118,1
LF:26
LH:26
BRF:0
BRH:0
end_of_record
TN:
SF:src\types.ts
FNF:0
FNH:0
DA:1,1
LF:1
LH:1
BRF:0
BRH:0
end_of_record
TN:
SF:src\common\auth.guard.ts
FN:5,(anonymous_0)
FNF:1
FNH:1
FNDA:2,(anonymous_0)
DA:4,1
DA:7,2
DA:8,1
DA:10,1
LF:4
LH:4
BRDA:7,0,0,1
BRF:1
BRH:1
end_of_record
TN:
SF:src\common\auth.middleware.ts
FN:7,(anonymous_0)
FN:12,(anonymous_1)
FN:21,(anonymous_2)
FNF:3
FNH:3
FNDA:1,(anonymous_0)
FNDA:6,(anonymous_1)
FNDA:2,(anonymous_2)
DA:3,1
DA:5,1
DA:7,1
DA:15,6
DA:21,2
DA:22,2
DA:23,1
DA:24,1
DA:30,1
DA:31,1
DA:35,4
LF:11
LH:11
BRDA:15,0,0,2
BRDA:15,0,1,4
BRDA:22,1,0,1
BRDA:22,1,1,1
BRDA:24,2,0,1
BRDA:24,3,0,1
BRDA:24,3,1,1
BRDA:24,3,2,1
BRF:8
BRH:8
end_of_record
TN:
SF:src\common\base.controller.ts
FN:6,(anonymous_2)
FN:15,(anonymous_3)
FN:21,(anonymous_4)
FN:25,(anonymous_5)
FN:30,(anonymous_6)
FN:34,(anonymous_7)
FN:41,(anonymous_8)
FN:48,(anonymous_9)
FNF:8
FNH:6
FNDA:0,(anonymous_2)
FNDA:1,(anonymous_3)
FNDA:4,(anonymous_4)
FNDA:3,(anonymous_5)
FNDA:3,(anonymous_6)
FNDA:0,(anonymous_7)
FNDA:1,(anonymous_8)
FNDA:3,(anonymous_9)
DA:1,1
DA:5,1
DA:6,1
DA:10,1
DA:15,1
DA:18,1
DA:22,4
DA:26,3
DA:27,3
DA:31,3
DA:35,0
DA:42,1
DA:44,3
DA:48,3
DA:49,3
DA:53,3
DA:54,3
LF:17
LH:16
BRDA:48,0,0,0
BRDA:48,0,1,3
BRDA:48,1,0,3
BRDA:48,1,1,3
BRDA:53,2,0,3
BRDA:53,2,1,0
BRF:6
BRH:4
end_of_record
TN:
SF:src\common\validate.middleware.ts
FN:9,(anonymous_0)
FN:11,(anonymous_1)
FN:16,(anonymous_2)
FNF:3
FNH:3
FNDA:2,(anonymous_0)
FNDA:4,(anonymous_1)
FNDA:4,(anonymous_2)
DA:3,1
DA:4,1
DA:6,1
DA:9,2
DA:14,4
DA:16,4
DA:17,4
DA:20,0
DA:23,4
LF:9
LH:8
BRDA:17,0,0,0
BRDA:17,0,1,4
BRF:2
BRH:1
end_of_record
TN:
SF:src\config\config.service.ts
FN:10,(anonymous_4)
FN:21,(anonymous_5)
FNF:2
FNH:2
FNDA:1,(anonymous_4)
FNDA:4,(anonymous_5)
DA:2,1
DA:3,1
DA:5,1
DA:8,1
DA:10,1
DA:12,1
DA:13,1
DA:14,0
DA:16,1
DA:17,1
DA:22,4
LF:11
LH:10
BRDA:13,0,0,0
BRDA:13,0,1,1
BRF:2
BRH:1
end_of_record
TN:
SF:src\database\prisma.service.ts
FN:13,(anonymous_11)
FN:18,(anonymous_12)
FN:30,(anonymous_14)
FNF:3
FNH:2
FNDA:1,(anonymous_11)
FNDA:1,(anonymous_12)
FNDA:0,(anonymous_14)
DA:1,1
DA:2,1
DA:4,1
DA:10,1
DA:13,1
DA:14,1
DA:19,1
DA:20,1
DA:21,1
DA:23,0
DA:24,0
DA:31,0
LF:12
LH:9
BRDA:23,0,0,0
BRF:1
BRH:0
end_of_record
TN:
SF:src\errors\exception.filter.ts
FN:24,(anonymous_4)
FN:30,(anonymous_5)
FNF:2
FNH:2
FNDA:1,(anonymous_4)
FNDA:2,(anonymous_5)
DA:1,1
DA:5,1
DA:6,1
DA:8,1
DA:15,1
DA:24,1
DA:31,2
DA:33,2
DA:35,2
DA:38,0
DA:40,0
LF:11
LH:9
BRDA:31,0,0,2
BRDA:31,0,1,0
BRF:2
BRH:1
end_of_record
TN:
SF:src\errors\http-error.class.ts
FN:8,(anonymous_0)
FNF:1
FNH:1
FNDA:2,(anonymous_0)
DA:4,1
DA:9,2
DA:10,2
DA:11,2
DA:12,2
LF:5
LH:5
BRF:0
BRH:0
end_of_record
TN:
SF:src\logger\logger.service.ts
FN:17,(anonymous_2)
FN:28,(anonymous_3)
FN:32,(anonymous_4)
FN:38,(anonymous_5)
FNF:4
FNH:3
FNDA:1,(anonymous_2)
FNDA:6,(anonymous_3)
FNDA:2,(anonymous_4)
FNDA:0,(anonymous_5)
DA:1,1
DA:2,1
DA:4,1
DA:14,1
DA:19,1
DA:22,1
DA:29,6
DA:35,2
DA:39,0
LF:9
LH:8
BRF:0
BRH:0
end_of_record
TN:
SF:src\users\user.entity.ts
FN:27,(anonymous_8)
FN:31,(anonymous_9)
FN:35,(anonymous_10)
FN:40,(anonymous_11)
FN:46,(anonymous_13)
FNF:5
FNH:2
FNDA:0,(anonymous_8)
FNDA:0,(anonymous_9)
FNDA:0,(anonymous_10)
FNDA:1,(anonymous_11)
FNDA:3,(anonymous_13)
DA:1,1
DA:5,1
DA:18,4
DA:19,4
DA:22,4
DA:23,3
DA:28,0
DA:32,0
DA:36,0
DA:43,1
DA:47,3
LF:11
LH:8
BRDA:22,0,0,3
BRF:1
BRH:1
end_of_record
TN:
SF:src\users\users.controller.ts
FN:36,(anonymous_11)
FN:69,(anonymous_12)
FN:132,(anonymous_14)
FN:133,(anonymous_15)
FN:158,(anonymous_16)
FN:158,(anonymous_17)
FN:168,(anonymous_18)
FN:170,(anonymous_19)
FN:195,(anonymous_20)
FNF:9
FNH:9
FNDA:1,(anonymous_11)
FNDA:3,(anonymous_12)
FNDA:1,(anonymous_14)
FNDA:1,(anonymous_15)
FNDA:1,(anonymous_16)
FNDA:1,(anonymous_17)
FNDA:2,(anonymous_18)
FNDA:2,(anonymous_19)
FNDA:2,(anonymous_20)
DA:1,1
DA:3,1
DA:5,1
DA:6,1
DA:7,1
DA:10,1
DA:11,1
DA:14,1
DA:15,1
DA:18,1
DA:33,1
DA:37,1
DA:38,1
DA:39,1
DA:41,1
DA:44,1
DA:75,3
DA:82,3
DA:93,3
DA:95,3
DA:96,1
DA:102,2
DA:103,2
DA:133,1
DA:148,1
DA:149,1
DA:150,1
DA:155,0
DA:158,1
DA:163,1
DA:164,1
DA:170,2
DA:186,2
DA:196,2
DA:197,0
DA:203,2
LF:36
LH:34
BRDA:95,0,0,1
BRDA:149,1,0,1
BRDA:164,2,0,0
BRDA:164,2,1,1
BRDA:164,3,0,1
BRDA:164,3,1,1
BRDA:164,4,0,0
BRDA:164,4,1,1
BRDA:164,5,0,1
BRDA:164,5,1,1
BRDA:196,6,0,0
BRF:11
BRH:8
end_of_record
TN:
SF:src\users\users.repository.ts
FN:13,(anonymous_11)
FN:16,(anonymous_12)
FN:16,(anonymous_13)
FN:30,(anonymous_14)
FNF:4
FNH:2
FNDA:1,(anonymous_11)
FNDA:0,(anonymous_12)
FNDA:0,(anonymous_13)
FNDA:5,(anonymous_14)
DA:2,1
DA:3,1
DA:4,1
DA:12,1
DA:13,1
DA:16,0
DA:20,0
DA:34,5
LF:8
LH:6
BRF:0
BRH:0
end_of_record
TN:
SF:src\users\users.service.ts
FN:17,(anonymous_11)
FN:22,(anonymous_12)
FN:22,(anonymous_13)
FN:49,(anonymous_14)
FN:49,(anonymous_15)
FN:67,(anonymous_16)
FNF:6
FNH:6
FNDA:1,(anonymous_11)
FNDA:1,(anonymous_12)
FNDA:1,(anonymous_13)
FNDA:3,(anonymous_14)
FNDA:3,(anonymous_15)
FNDA:1,(anonymous_16)
DA:1,1
DA:2,1
DA:5,1
DA:7,1
DA:14,1
DA:18,1
DA:19,1
DA:22,1
DA:33,1
DA:35,1
DA:36,1
DA:41,1
DA:42,1
DA:43,1
DA:46,0
DA:49,3
DA:51,3
DA:52,3
DA:53,0
DA:59,3
DA:61,3
DA:68,1
LF:22
LH:20
BRDA:42,0,0,1
BRDA:52,1,0,0
BRF:2
BRH:1
end_of_record
TN:
SF:src\users\dto\user-login.dto.ts
FNF:0
FNH:0
DA:1,1
DA:3,1
DA:5,1
DA:8,1
LF:4
LH:4
BRF:0
BRH:0
end_of_record
TN:
SF:src\users\dto\user-register.dto.ts
FNF:0
FNH:0
DA:1,1
DA:3,1
DA:5,1
DA:8,1
DA:11,1
LF:5
LH:5
BRF:0
BRH:0
end_of_record
